Running tests...
Test project /home/cmaier/C/cmake-3.21.2
        Start   1: SystemInformationNew
  1/618 Test   #1: SystemInformationNew ........................................   Passed    0.46 sec
        Start   2: kwsys.testEncode
  2/618 Test   #2: kwsys.testEncode ............................................   Passed    0.00 sec
        Start   3: kwsys.testTerminal
  3/618 Test   #3: kwsys.testTerminal ..........................................   Passed    0.00 sec
        Start   4: kwsys.testConfigure
  4/618 Test   #4: kwsys.testConfigure .........................................   Passed    0.00 sec
        Start   5: kwsys.testStatus
  5/618 Test   #5: kwsys.testStatus ............................................   Passed    0.00 sec
        Start   6: kwsys.testSystemTools
  6/618 Test   #6: kwsys.testSystemTools .......................................   Passed    0.01 sec
        Start   7: kwsys.testCommandLineArguments
  7/618 Test   #7: kwsys.testCommandLineArguments ..............................   Passed    0.01 sec
        Start   8: kwsys.testCommandLineArguments1
  8/618 Test   #8: kwsys.testCommandLineArguments1 .............................   Passed    0.00 sec
        Start   9: kwsys.testDirectory
  9/618 Test   #9: kwsys.testDirectory .........................................   Passed    0.01 sec
        Start  10: kwsys.testEncoding
 10/618 Test  #10: kwsys.testEncoding ..........................................   Passed    0.00 sec
        Start  11: kwsys.testFStream
 11/618 Test  #11: kwsys.testFStream ...........................................   Passed    0.01 sec
        Start  12: kwsys.testConsoleBuf
 12/618 Test  #12: kwsys.testConsoleBuf ........................................   Passed    0.00 sec
        Start  13: kwsys.testSystemInformation
 13/618 Test  #13: kwsys.testSystemInformation .................................   Passed    0.13 sec
        Start  14: kwsys.testDynamicLoader
 14/618 Test  #14: kwsys.testDynamicLoader .....................................   Passed    0.01 sec
        Start  15: kwsys.testProcess-1
 15/618 Test  #15: kwsys.testProcess-1 .........................................   Passed    0.20 sec
        Start  16: kwsys.testProcess-2
 16/618 Test  #16: kwsys.testProcess-2 .........................................   Passed    0.00 sec
        Start  17: kwsys.testProcess-3
 17/618 Test  #17: kwsys.testProcess-3 .........................................   Passed   10.03 sec
        Start  18: kwsys.testProcess-4
 18/618 Test  #18: kwsys.testProcess-4 .........................................   Passed    0.17 sec
        Start  19: kwsys.testProcess-5
 19/618 Test  #19: kwsys.testProcess-5 .........................................   Passed    0.16 sec
        Start  20: kwsys.testProcess-6
 20/618 Test  #20: kwsys.testProcess-6 .........................................   Passed   10.01 sec
        Start  21: kwsys.testProcess-9
 21/618 Test  #21: kwsys.testProcess-9 .........................................   Passed    6.02 sec
        Start  22: kwsys.testProcess-10
 22/618 Test  #22: kwsys.testProcess-10 ........................................   Passed    2.01 sec
        Start  23: kwsys.testSharedForward
 23/618 Test  #23: kwsys.testSharedForward .....................................   Passed    0.19 sec
        Start  24: kwiml.test
 24/618 Test  #24: kwiml.test ..................................................   Passed    0.00 sec
        Start  25: curl
 25/618 Test  #25: curl ........................................................   Passed    0.24 sec
        Start  26: CMake.Copyright
 26/618 Test  #26: CMake.Copyright .............................................   Passed    0.01 sec
        Start  27: CommandLineTest
 27/618 Test  #27: CommandLineTest .............................................   Passed    2.70 sec
        Start  28: FindPackageTest
 28/618 Test  #28: FindPackageTest .............................................   Passed    1.91 sec
        Start  29: StringFileTest
 29/618 Test  #29: StringFileTest ..............................................   Passed    0.85 sec
        Start  30: TryCompile
 30/618 Test  #30: TryCompile ..................................................   Passed    5.90 sec
        Start  31: SystemInformation
 31/618 Test  #31: SystemInformation ...........................................   Passed    0.83 sec
        Start  32: MathTest
 32/618 Test  #32: MathTest ....................................................   Passed    0.72 sec
        Start  33: CompileFeatures
 33/618 Test  #33: CompileFeatures .............................................   Passed    5.87 sec
        Start  34: CMakeCommands.target_compile_features
 34/618 Test  #34: CMakeCommands.target_compile_features .......................   Passed    2.01 sec
        Start  35: MSManifest
 35/618 Test  #35: MSManifest ..................................................   Passed    0.84 sec
        Start  36: Simple
 36/618 Test  #36: Simple ......................................................   Passed    0.87 sec
        Start  37: PreOrder
 37/618 Test  #37: PreOrder ....................................................   Passed    0.77 sec
        Start  38: MissingSourceFile
 38/618 Test  #38: MissingSourceFile ...........................................   Passed    0.22 sec
        Start  39: FortranOnly
 39/618 Test  #39: FortranOnly .................................................   Passed    2.81 sec
        Start  40: VSGNUFortran
 40/618 Test  #40: VSGNUFortran ................................................   Passed    3.85 sec
        Start  41: COnly
 41/618 Test  #41: COnly .......................................................   Passed    0.77 sec
        Start  42: CxxOnly
 42/618 Test  #42: CxxOnly .....................................................   Passed    0.85 sec
        Start  43: CxxSubdirC
 43/618 Test  #43: CxxSubdirC ..................................................   Passed    0.76 sec
        Start  44: OutDir
 44/618 Test  #44: OutDir ......................................................   Passed    0.84 sec
        Start  45: OutName
 45/618 Test  #45: OutName .....................................................   Passed    0.38 sec
        Start  46: ObjectLibrary
 46/618 Test  #46: ObjectLibrary ...............................................   Passed    5.34 sec
        Start  47: NewlineArgs
 47/618 Test  #47: NewlineArgs .................................................   Passed    0.51 sec
        Start  48: SetLang
 48/618 Test  #48: SetLang .....................................................   Passed    0.91 sec
        Start  49: EmptyProperty
 49/618 Test  #49: EmptyProperty ...............................................   Passed    1.03 sec
        Start  50: ExternalOBJ
 50/618 Test  #50: ExternalOBJ .................................................   Passed    1.22 sec
        Start  51: LoadCommand
 51/618 Test  #51: LoadCommand .................................................   Passed    1.60 sec
        Start  52: LinkDirectory
 52/618 Test  #52: LinkDirectory ...............................................   Passed    1.42 sec
        Start  53: LinkLanguage
 53/618 Test  #53: LinkLanguage ................................................   Passed    0.83 sec
        Start  54: LinkLine
 54/618 Test  #54: LinkLine ....................................................   Passed    0.85 sec
        Start  55: MacroTest
 55/618 Test  #55: MacroTest ...................................................   Passed    0.82 sec
        Start  56: FunctionTest
 56/618 Test  #56: FunctionTest ................................................   Passed    0.67 sec
        Start  57: ReturnTest
 57/618 Test  #57: ReturnTest ..................................................   Passed    0.68 sec
        Start  58: Properties
 58/618 Test  #58: Properties ..................................................   Passed    2.01 sec
        Start  59: Assembler
 59/618 Test  #59: Assembler ...................................................   Passed    0.47 sec
        Start  60: SourceGroups
 60/618 Test  #60: SourceGroups ................................................   Passed    1.18 sec
        Start  61: Preprocess
 61/618 Test  #61: Preprocess ..................................................   Passed    0.75 sec
        Start  62: ExportImport
 62/618 Test  #62: ExportImport ................................................   Passed   21.59 sec
        Start  63: Unset
 63/618 Test  #63: Unset .......................................................   Passed    0.40 sec
        Start  64: PolicyScope
 64/618 Test  #64: PolicyScope .................................................   Passed    0.36 sec
        Start  65: EmptyLibrary
 65/618 Test  #65: EmptyLibrary ................................................   Passed    0.43 sec
        Start  66: CompileDefinitions
 66/618 Test  #66: CompileDefinitions ..........................................   Passed    1.48 sec
        Start  67: CompileOptions
 67/618 Test  #67: CompileOptions ..............................................   Passed    0.77 sec
        Start  68: CompatibleInterface
 68/618 Test  #68: CompatibleInterface .........................................   Passed    1.22 sec
        Start  69: AliasTarget
 69/618 Test  #69: AliasTarget .................................................   Passed    1.91 sec
        Start  70: StagingPrefix
 70/618 Test  #70: StagingPrefix ...............................................   Passed    2.36 sec
        Start  71: ImportedSameName
 71/618 Test  #71: ImportedSameName ............................................   Passed    0.62 sec
        Start  72: InterfaceLibrary
 72/618 Test  #72: InterfaceLibrary ............................................   Passed    2.28 sec
        Start  73: ConfigSources
 73/618 Test  #73: ConfigSources ...............................................   Passed    1.84 sec
        Start  74: SourcesProperty
 74/618 Test  #74: SourcesProperty .............................................   Passed    0.76 sec
        Start  75: SourceFileProperty
 75/618 Test  #75: SourceFileProperty ..........................................   Passed    0.39 sec
        Start  76: SourceFileIncludeDirProperty
 76/618 Test  #76: SourceFileIncludeDirProperty ................................   Passed    0.41 sec
        Start  77: CxxDialect
 77/618 Test  #77: CxxDialect ..................................................   Passed    1.01 sec
        Start  78: CrossCompile
 78/618 Test  #78: CrossCompile ................................................   Passed    0.59 sec
        Start  79: Policy0002
 79/618 Test  #79: Policy0002 ..................................................   Passed    0.52 sec
        Start  80: BundleUtilities
 80/618 Test  #80: BundleUtilities .............................................   Passed    2.15 sec
        Start  81: CMakeBuildTest
 81/618 Test  #81: CMakeBuildTest ..............................................   Passed    1.14 sec
        Start  82: CMakeDoubleProject
 82/618 Test  #82: CMakeDoubleProject ..........................................   Passed    0.79 sec
        Start  83: Module.CheckTypeSize
 83/618 Test  #83: Module.CheckTypeSize ........................................   Passed    3.74 sec
        Start  84: Module.CheckIPOSupported-C
 84/618 Test  #84: Module.CheckIPOSupported-C ..................................   Passed    1.43 sec
        Start  85: Module.CheckIPOSupported-CXX
 85/618 Test  #85: Module.CheckIPOSupported-CXX ................................   Passed    1.46 sec
        Start  86: Module.CheckIPOSupported-Fortran
 86/618 Test  #86: Module.CheckIPOSupported-Fortran ............................   Passed    1.50 sec
        Start  87: Module.ExternalData
 87/618 Test  #87: Module.ExternalData .........................................   Passed    1.88 sec
        Start  88: Module.FindDependency
 88/618 Test  #88: Module.FindDependency .......................................   Passed    0.67 sec
        Start  89: Module.WriteCompilerDetectionHeader
 89/618 Test  #89: Module.WriteCompilerDetectionHeader .........................   Passed    2.28 sec
        Start  90: PositionIndependentTargets
 90/618 Test  #90: PositionIndependentTargets ..................................   Passed    2.58 sec
        Start  91: Visibility
 91/618 Test  #91: Visibility ..................................................   Passed    1.84 sec
        Start  92: LinkFlags-prepare
 92/618 Test  #92: LinkFlags-prepare ...........................................   Passed    0.60 sec
        Start  93: LinkFlags-lib
 93/618 Test  #93: LinkFlags-lib ...............................................   Passed    0.10 sec
        Start  94: LinkFlags-dll
 94/618 Test  #94: LinkFlags-dll ...............................................   Passed    0.08 sec
        Start  95: LinkFlags-mod
 95/618 Test  #95: LinkFlags-mod ...............................................   Passed    0.07 sec
        Start  96: LinkFlags-exe
 96/618 Test  #96: LinkFlags-exe ...............................................   Passed    0.09 sec
        Start  97: LinkFlags-lib_config
 97/618 Test  #97: LinkFlags-lib_config ........................................   Passed    0.10 sec
        Start  98: LinkFlags-dll_config
 98/618 Test  #98: LinkFlags-dll_config ........................................   Passed    0.07 sec
        Start  99: LinkFlags-mod_config
 99/618 Test  #99: LinkFlags-mod_config ........................................   Passed    0.09 sec
        Start 100: LinkFlags-exe_config
100/618 Test #100: LinkFlags-exe_config ........................................   Passed    0.09 sec
        Start 101: LinkFlags-lib_flags
101/618 Test #101: LinkFlags-lib_flags .........................................   Passed    0.10 sec
        Start 102: LinkFlags-dll_flags
102/618 Test #102: LinkFlags-dll_flags .........................................   Passed    0.10 sec
        Start 103: LinkFlags-mod_flags
103/618 Test #103: LinkFlags-mod_flags .........................................   Passed    0.09 sec
        Start 104: LinkFlags-exe_flags
104/618 Test #104: LinkFlags-exe_flags .........................................   Passed    0.08 sec
        Start 105: LinkFlags-lib_flags_config
105/618 Test #105: LinkFlags-lib_flags_config ..................................   Passed    0.08 sec
        Start 106: LinkFlags-dll_flags_config
106/618 Test #106: LinkFlags-dll_flags_config ..................................   Passed    0.09 sec
        Start 107: LinkFlags-mod_flags_config
107/618 Test #107: LinkFlags-mod_flags_config ..................................   Passed    0.09 sec
        Start 108: LinkFlags-exe_flags_config
108/618 Test #108: LinkFlags-exe_flags_config ..................................   Passed    0.07 sec
        Start 109: SubProject
109/618 Test #109: SubProject ..................................................   Passed    0.67 sec
        Start 110: SubProject-Stage2
110/618 Test #110: SubProject-Stage2 ...........................................   Passed    0.27 sec
        Start 111: Framework
111/618 Test #111: Framework ...................................................   Passed    1.43 sec
        Start 112: TargetName
112/618 Test #112: TargetName ..................................................   Passed    0.64 sec
        Start 113: LibName
113/618 Test #113: LibName .....................................................   Passed    1.45 sec
        Start 114: CustComDepend
114/618 Test #114: CustComDepend ...............................................   Passed    0.82 sec
        Start 115: ArgumentExpansion
115/618 Test #115: ArgumentExpansion ...........................................   Passed    0.49 sec
        Start 116: GeneratorExpression
116/618 Test #116: GeneratorExpression .........................................   Passed    4.17 sec
        Start 117: CustomCommand
117/618 Test #117: CustomCommand ...............................................   Passed    4.02 sec
        Start 118: CustomCommandByproducts
118/618 Test #118: CustomCommandByproducts .....................................   Passed    2.50 sec
        Start 119: CommandLength
119/618 Test #119: CommandLength ...............................................   Passed    7.93 sec
        Start 120: EmptyDepends
120/618 Test #120: EmptyDepends ................................................   Passed    1.03 sec
        Start 121: CustomCommandWorkingDirectory
121/618 Test #121: CustomCommandWorkingDirectory ...............................   Passed    1.21 sec
        Start 122: OutOfSource
122/618 Test #122: OutOfSource .................................................   Passed    1.32 sec
        Start 123: BuildDepends
123/618 Test #123: BuildDepends ................................................   Passed    7.86 sec
        Start 124: MissingInstall
124/618 Test #124: MissingInstall ..............................................   Passed    0.68 sec
        Start 125: CPackUseDefaultVersion
125/618 Test #125: CPackUseDefaultVersion ......................................   Passed    0.06 sec
        Start 126: CPackUseProjectVersion
126/618 Test #126: CPackUseProjectVersion ......................................   Passed    0.06 sec
        Start 127: CPackUseShortProjectVersion
127/618 Test #127: CPackUseShortProjectVersion .................................   Passed    0.06 sec
        Start 128: CPackComponents
128/618 Test #128: CPackComponents .............................................   Passed    1.24 sec
        Start 129: CPackComponentsForAll-DEB-default
129/618 Test #129: CPackComponentsForAll-DEB-default ...........................   Passed    1.17 sec
        Start 130: CPackComponentsForAll-DEB-OnePackPerGroup
130/618 Test #130: CPackComponentsForAll-DEB-OnePackPerGroup ...................   Passed    1.08 sec
        Start 131: CPackComponentsForAll-DEB-IgnoreGroup
131/618 Test #131: CPackComponentsForAll-DEB-IgnoreGroup .......................   Passed    1.15 sec
        Start 132: CPackComponentsForAll-DEB-AllInOne
132/618 Test #132: CPackComponentsForAll-DEB-AllInOne ..........................   Passed    1.12 sec
        Start 133: CPackComponentsForAll-ZIP-default
133/618 Test #133: CPackComponentsForAll-ZIP-default ...........................   Passed    1.08 sec
        Start 134: CPackComponentsForAll-ZIP-OnePackPerGroup
134/618 Test #134: CPackComponentsForAll-ZIP-OnePackPerGroup ...................   Passed    1.09 sec
        Start 135: CPackComponentsForAll-ZIP-IgnoreGroup
135/618 Test #135: CPackComponentsForAll-ZIP-IgnoreGroup .......................   Passed    1.06 sec
        Start 136: CPackComponentsForAll-ZIP-AllInOne
136/618 Test #136: CPackComponentsForAll-ZIP-AllInOne ..........................   Passed    1.09 sec
        Start 137: CPackComponentsDEB-components-lintian-dpkgdeb-checks
137/618 Test #137: CPackComponentsDEB-components-lintian-dpkgdeb-checks ........   Passed    7.80 sec
        Start 138: CPackComponentsDEB-components-description1
138/618 Test #138: CPackComponentsDEB-components-description1 ..................   Passed    1.11 sec
        Start 139: CPackComponentsDEB-components-description2
139/618 Test #139: CPackComponentsDEB-components-description2 ..................   Passed    1.23 sec
        Start 140: CPackComponentsDEB-components-source
140/618 Test #140: CPackComponentsDEB-components-source ........................   Passed    1.91 sec
        Start 141: CPackComponentsDEB-components-shlibdeps1
141/618 Test #141: CPackComponentsDEB-components-shlibdeps1 ....................   Passed    1.93 sec
        Start 142: CPackComponentsDEB-components-depend1
142/618 Test #142: CPackComponentsDEB-components-depend1 .......................   Passed    1.14 sec
        Start 143: CPackComponentsDEB-components-depend2
143/618 Test #143: CPackComponentsDEB-components-depend2 .......................   Passed    1.99 sec
        Start 144: CPackComponentsDEB-compression
144/618 Test #144: CPackComponentsDEB-compression ..............................   Passed    1.13 sec
        Start 145: CPackComponentsDEB-shlibdeps-with-private-lib-failure
145/618 Test #145: CPackComponentsDEB-shlibdeps-with-private-lib-failure .......   Passed    2.22 sec
        Start 146: CPackComponentsDEB-shlibdeps-with-private-lib-success
146/618 Test #146: CPackComponentsDEB-shlibdeps-with-private-lib-success .......   Passed    2.29 sec
        Start 147: CPackTestAllGenerators
147/618 Test #147: CPackTestAllGenerators ......................................   Passed    2.28 sec
        Start 148: CPackComponentsPrefix
148/618 Test #148: CPackComponentsPrefix .......................................   Passed    0.24 sec
        Start 149: X11
149/618 Test #149: X11 .........................................................   Passed    1.71 sec
        Start 150: CMakeTestAllGenerators
150/618 Test #150: CMakeTestAllGenerators ......................................   Passed    2.23 sec
        Start 151: LoadedCommandOneConfig
151/618 Test #151: LoadedCommandOneConfig ......................................   Passed    1.67 sec
        Start 153: complexOneConfig
152/618 Test #153: complexOneConfig ............................................   Passed    2.51 sec
        Start 152: complex
153/618 Test #152: complex .....................................................   Passed    2.43 sec
        Start 154: Environment
154/618 Test #154: Environment .................................................   Passed    0.69 sec
        Start 155: QtAutomocNoQt
155/618 Test #155: QtAutomocNoQt ...............................................   Passed    0.63 sec
        Start 156: ExternalProject
156/618 Test #156: ExternalProject .............................................   Passed   12.18 sec
        Start 157: ExternalProjectSubdir
157/618 Test #157: ExternalProjectSubdir .......................................   Passed    0.31 sec
        Start 158: ExternalProjectSourceSubdir
158/618 Test #158: ExternalProjectSourceSubdir .................................   Passed    0.74 sec
        Start 159: ExternalProjectSourceSubdirNotCMake
159/618 Test #159: ExternalProjectSourceSubdirNotCMake .........................   Passed    0.28 sec
        Start 160: ExternalProjectLocal
160/618 Test #160: ExternalProjectLocal ........................................   Passed   11.25 sec
        Start 161: ExternalProjectUpdateSetup
161/618 Test #161: ExternalProjectUpdateSetup ..................................   Passed    2.95 sec
        Start 162: ExternalProjectUpdate
162/618 Test #162: ExternalProjectUpdate .......................................   Passed   16.70 sec
        Start 163: TutorialStep2
163/618 Test #163: TutorialStep2 ...............................................   Passed    1.03 sec
        Start 164: TutorialStep3
164/618 Test #164: TutorialStep3 ...............................................   Passed    1.45 sec
        Start 165: TutorialStep4
165/618 Test #165: TutorialStep4 ...............................................   Passed    1.39 sec
        Start 166: TutorialStep5
166/618 Test #166: TutorialStep5 ...............................................   Passed    1.44 sec
        Start 167: TutorialStep6
167/618 Test #167: TutorialStep6 ...............................................   Passed    1.98 sec
        Start 168: TutorialStep7
168/618 Test #168: TutorialStep7 ...............................................   Passed    1.94 sec
        Start 169: TutorialStep8
169/618 Test #169: TutorialStep8 ...............................................   Passed    2.04 sec
        Start 170: TutorialStep9
170/618 Test #170: TutorialStep9 ...............................................   Passed    2.24 sec
        Start 171: TutorialStep10
171/618 Test #171: TutorialStep10 ..............................................   Passed    2.59 sec
        Start 172: TutorialStep11
172/618 Test #172: TutorialStep11 ..............................................   Passed    2.30 sec
        Start 173: TutorialStep12
173/618 Test #173: TutorialStep12 ..............................................   Passed    2.35 sec
        Start 174: TutorialComplete
174/618 Test #174: TutorialComplete ............................................   Passed    2.38 sec
        Start 175: TutorialStep3_MYMATH
175/618 Test #175: TutorialStep3_MYMATH ........................................   Passed    1.05 sec
        Start 176: TutorialStep4_MYMATH
176/618 Test #176: TutorialStep4_MYMATH ........................................   Passed    1.00 sec
        Start 177: TutorialStep5_MYMATH
177/618 Test #177: TutorialStep5_MYMATH ........................................   Passed    1.03 sec
        Start 178: TutorialStep6_MYMATH
178/618 Test #178: TutorialStep6_MYMATH ........................................   Passed    1.08 sec
        Start 179: TutorialStep7_MYMATH
179/618 Test #179: TutorialStep7_MYMATH ........................................   Passed    1.04 sec
        Start 180: TutorialStep8_MYMATH
180/618 Test #180: TutorialStep8_MYMATH ........................................   Passed    1.07 sec
        Start 181: TutorialStep9_MYMATH
181/618 Test #181: TutorialStep9_MYMATH ........................................   Passed    1.40 sec
        Start 182: TutorialStep10_MYMATH
182/618 Test #182: TutorialStep10_MYMATH .......................................   Passed    1.56 sec
        Start 183: TutorialStep11_MYMATH
183/618 Test #183: TutorialStep11_MYMATH .......................................   Passed    1.23 sec
        Start 184: TutorialStep12_MYMATH
184/618 Test #184: TutorialStep12_MYMATH .......................................   Passed    1.21 sec
        Start 185: TutorialComplete_MYMATH
185/618 Test #185: TutorialComplete_MYMATH .....................................   Passed    1.25 sec
        Start 186: Guide.ImportExport.MyExe
186/618 Test #186: Guide.ImportExport.MyExe ....................................   Passed    0.99 sec
        Start 187: Guide.ImportExport.Importing
187/618 Test #187: Guide.ImportExport.Importing ................................   Passed    0.64 sec
        Start 188: Guide.ImportExport.MathFunctions
188/618 Test #188: Guide.ImportExport.MathFunctions ............................   Passed    0.70 sec
        Start 189: Guide.ImportExport.Downstream
189/618 Test #189: Guide.ImportExport.Downstream ...............................   Passed    1.02 sec
        Start 190: Guide.ImportExport.MathFunctionsComponents
190/618 Test #190: Guide.ImportExport.MathFunctionsComponents ..................   Passed    0.81 sec
        Start 191: Guide.ImportExport.DownstreamComponents
191/618 Test #191: Guide.ImportExport.DownstreamComponents .....................   Passed    0.94 sec
        Start 192: testing
192/618 Test #192: testing .....................................................   Passed    1.48 sec
        Start 193: wrapping
193/618 Test #193: wrapping ....................................................   Passed    1.43 sec
        Start 194: qtwrapping
194/618 Test #194: qtwrapping ..................................................   Passed    0.92 sec
        Start 195: testdriver1
195/618 Test #195: testdriver1 .................................................   Passed    1.00 sec
        Start 196: testdriver2
196/618 Test #196: testdriver2 .................................................   Passed    0.96 sec
        Start 197: testdriver3
197/618 Test #197: testdriver3 .................................................   Passed    0.98 sec
        Start 198: testdriver4
198/618 Test #198: testdriver4 .................................................   Passed    0.96 sec
        Start 199: testdriver5
199/618 Test #199: testdriver5 .................................................   Passed    0.95 sec
        Start 200: Dependency
200/618 Test #200: Dependency ..................................................   Passed    5.44 sec
        Start 201: JumpWithLibOut
201/618 Test #201: JumpWithLibOut ..............................................   Passed    0.88 sec
        Start 202: JumpNoLibOut
202/618 Test #202: JumpNoLibOut ................................................   Passed    0.89 sec
        Start 203: Plugin
203/618 Test #203: Plugin ......................................................   Passed    1.96 sec
        Start 204: RuntimePath
204/618 Test #204: RuntimePath .................................................   Passed    1.11 sec
        Start 205: linkorder1
205/618 Test #205: linkorder1 ..................................................   Passed    1.87 sec
        Start 206: linkorder2
206/618 Test #206: linkorder2 ..................................................   Passed    1.31 sec
        Start 207: SubDirSpaces
207/618 Test #207: SubDirSpaces ................................................   Passed    1.47 sec
        Start 208: SubDir
208/618 Test #208: SubDir ......................................................   Passed    1.28 sec
        Start 209: CheckCompilerRelatedVariables
209/618 Test #209: CheckCompilerRelatedVariables ...............................   Passed    0.69 sec
        Start 210: MakeClean
210/618 Test #210: MakeClean ...................................................   Passed    0.96 sec
        Start 211: WarnUnusedCliUnused
211/618 Test #211: WarnUnusedCliUnused .........................................   Passed    0.46 sec
        Start 212: WarnUnusedCliUsed
212/618 Test #212: WarnUnusedCliUsed ...........................................   Passed    0.53 sec
        Start 213: WarnUninitialized
213/618 Test #213: WarnUninitialized ...........................................   Passed    0.50 sec
        Start 214: TestsWorkingDirectory
214/618 Test #214: TestsWorkingDirectory .......................................   Passed    0.69 sec
        Start 215: CTest.NoNewline
215/618 Test #215: CTest.NoNewline .............................................   Passed    0.01 sec
        Start 216: CTest.BuildCommand.ProjectInSubdir
216/618 Test #216: CTest.BuildCommand.ProjectInSubdir ..........................   Passed    0.12 sec
        Start 217: CTest.UpdateGIT
217/618 Test #217: CTest.UpdateGIT .............................................   Passed   13.75 sec
        Start 218: CTestTestNoBuild
218/618 Test #218: CTestTestNoBuild ............................................   Passed    0.68 sec
        Start 219: CTestTestNoExe
219/618 Test #219: CTestTestNoExe ..............................................   Passed    0.02 sec
        Start 220: CTestTestUpload
220/618 Test #220: CTestTestUpload .............................................   Passed    2.82 sec
        Start 221: CTestCoverageCollectGCOV
221/618 Test #221: CTestCoverageCollectGCOV ....................................   Passed    0.79 sec
        Start 222: CTestTestEmptyBinaryDirectory
222/618 Test #222: CTestTestEmptyBinaryDirectory ...............................   Passed    0.03 sec
        Start 223: CTestGTMCoverage
223/618 Test #223: CTestGTMCoverage ............................................   Passed    0.04 sec
        Start 224: CTestCacheCoverage
224/618 Test #224: CTestCacheCoverage ..........................................   Passed    0.01 sec
        Start 225: CTestPythonCoverage
225/618 Test #225: CTestPythonCoverage .........................................   Passed    0.01 sec
        Start 226: CTestCoberturaCoverage
226/618 Test #226: CTestCoberturaCoverage ......................................   Passed    0.01 sec
        Start 227: CTestJacocoCoverage
227/618 Test #227: CTestJacocoCoverage .........................................   Passed    0.01 sec
        Start 228: CTestJavascriptCoverage
228/618 Test #228: CTestJavascriptCoverage .....................................   Passed    0.01 sec
        Start 229: CTestDelphiCoverage
229/618 Test #229: CTestDelphiCoverage .........................................   Passed    0.01 sec
        Start 230: CTestConfig.Script.Debug
230/618 Test #230: CTestConfig.Script.Debug ....................................   Passed    0.64 sec
        Start 231: CTestConfig.Dashboard.Debug
231/618 Test #231: CTestConfig.Dashboard.Debug .................................   Passed    0.74 sec
        Start 232: CTestConfig.Script.MinSizeRel
232/618 Test #232: CTestConfig.Script.MinSizeRel ...............................   Passed    0.72 sec
        Start 233: CTestConfig.Dashboard.MinSizeRel
233/618 Test #233: CTestConfig.Dashboard.MinSizeRel ............................   Passed    0.83 sec
        Start 234: CTestConfig.Script.Release
234/618 Test #234: CTestConfig.Script.Release ..................................   Passed    0.71 sec
        Start 235: CTestConfig.Dashboard.Release
235/618 Test #235: CTestConfig.Dashboard.Release ...............................   Passed    0.83 sec
        Start 236: CTestConfig.Script.RelWithDebInfo
236/618 Test #236: CTestConfig.Script.RelWithDebInfo ...........................   Passed    0.81 sec
        Start 237: CTestConfig.Dashboard.RelWithDebInfo
237/618 Test #237: CTestConfig.Dashboard.RelWithDebInfo ........................   Passed    0.83 sec
        Start 238: CTestConfig.ScriptWithArgs
238/618 Test #238: CTestConfig.ScriptWithArgs ..................................   Passed    0.02 sec
        Start 239: CMakeCommands.add_compile_definitions
239/618 Test #239: CMakeCommands.add_compile_definitions .......................   Passed    0.41 sec
        Start 240: CMakeCommands.add_compile_options
240/618 Test #240: CMakeCommands.add_compile_options ...........................   Passed    0.68 sec
        Start 241: CMakeCommands.target_link_libraries
241/618 Test #241: CMakeCommands.target_link_libraries .........................   Passed    4.76 sec
        Start 242: CMakeCommands.target_include_directories
242/618 Test #242: CMakeCommands.target_include_directories ....................   Passed    0.86 sec
        Start 243: CMakeCommands.target_compile_definitions
243/618 Test #243: CMakeCommands.target_compile_definitions ....................   Passed    0.87 sec
        Start 244: CMakeCommands.target_compile_options
244/618 Test #244: CMakeCommands.target_compile_options ........................   Passed    0.86 sec
        Start 245: CMakeCommands.target_sources
245/618 Test #245: CMakeCommands.target_sources ................................   Passed    1.38 sec
        Start 246: CMakeCommands.add_link_options
246/618 Test #246: CMakeCommands.add_link_options ..............................   Passed    0.26 sec
        Start 247: CMakeCommands.target_link_options
247/618 Test #247: CMakeCommands.target_link_options ...........................   Passed    0.39 sec
        Start 248: CMakeCommands.link_directories
248/618 Test #248: CMakeCommands.link_directories ..............................   Passed    0.25 sec
        Start 249: CMakeCommands.target_link_directories
249/618 Test #249: CMakeCommands.target_link_directories .......................   Passed    0.41 sec
        Start 250: CTestTestCrash
250/618 Test #250: CTestTestCrash ..............................................   Passed    0.94 sec
        Start 251: CTestTestBadExe
251/618 Test #251: CTestTestBadExe .............................................   Passed    0.56 sec
        Start 252: CTestTestBadGenerator
252/618 Test #252: CTestTestBadGenerator .......................................   Passed    0.03 sec
        Start 253: CTestTestParallel
253/618 Test #253: CTestTestParallel ...........................................   Passed    0.77 sec
        Start 254: CTestTestVerboseOutput
254/618 Test #254: CTestTestVerboseOutput ......................................   Passed    0.66 sec
        Start 255: CTestTestSkipReturnCode
255/618 Test #255: CTestTestSkipReturnCode .....................................   Passed    0.61 sec
        Start 256: CTestTestSerialInDepends
256/618 Test #256: CTestTestSerialInDepends ....................................   Passed    6.57 sec
        Start 257: CTestTestMissingDependsExe
257/618 Test #257: CTestTestMissingDependsExe ..................................   Passed    0.57 sec
        Start 258: CTestTestSerialOrder
258/618 Test #258: CTestTestSerialOrder ........................................   Passed    0.61 sec
        Start 259: CTestLimitDashJ
259/618 Test #259: CTestLimitDashJ .............................................   Passed   28.90 sec
        Start 260: CTestTestPrintLabels
260/618 Test #260: CTestTestPrintLabels ........................................   Passed    0.03 sec
        Start 261: CTestTestLabelRegExp
261/618 Test #261: CTestTestLabelRegExp ........................................   Passed    0.09 sec
        Start 262: CTestTestResourceLock
262/618 Test #262: CTestTestResourceLock .......................................   Passed    0.75 sec
        Start 263: CTestTestScheduler
263/618 Test #263: CTestTestScheduler ..........................................   Passed   32.72 sec
        Start 264: CTestTestCostSerial
264/618 Test #264: CTestTestCostSerial .........................................   Passed    6.80 sec
        Start 265: CTestTestStopTime
265/618 Test #265: CTestTestStopTime ...........................................   Passed   15.11 sec
        Start 266: CTestTestSubdir
266/618 Test #266: CTestTestSubdir .............................................   Passed    0.97 sec
        Start 267: CTestTestTimeout
267/618 Test #267: CTestTestTimeout ............................................   Passed   12.76 sec
        Start 268: CTestTestRerunFailed
268/618 Test #268: CTestTestRerunFailed ........................................   Passed    4.05 sec
        Start 269: CTestTestZeroTimeout
269/618 Test #269: CTestTestZeroTimeout ........................................   Passed    5.75 sec
        Start 270: CTestTestDepends
270/618 Test #270: CTestTestDepends ............................................   Passed    0.72 sec
        Start 271: CTestTestCycle
271/618 Test #271: CTestTestCycle ..............................................   Passed    0.71 sec
        Start 272: CTestTestRunScript
272/618 Test #272: CTestTestRunScript ..........................................   Passed    0.03 sec
        Start 273: CTestTestShowOnly
273/618 Test #273: CTestTestShowOnly ...........................................   Passed    0.05 sec
        Start 274: CTestTestFdSetSize
274/618 Test #274: CTestTestFdSetSize ..........................................   Passed    0.88 sec
        Start 275: Fortran
275/618 Test #275: Fortran .....................................................   Passed    9.38 sec
        Start 276: FortranModules
276/618 Test #276: FortranModules ..............................................   Passed    3.36 sec
        Start 277: FortranC.Flags
277/618 Test #277: FortranC.Flags ..............................................   Passed    4.73 sec
        Start 278: CompileCommandOutput
278/618 Test #278: CompileCommandOutput ........................................   Passed    0.78 sec
        Start 279: IncludeDirectories
279/618 Test #279: IncludeDirectories ..........................................   Passed    5.15 sec
        Start 280: IncludeDirectoriesCPATH
280/618 Test #280: IncludeDirectoriesCPATH .....................................   Passed    0.60 sec
        Start 281: InterfaceLinkLibraries
281/618 Test #281: InterfaceLinkLibraries ......................................   Passed    2.76 sec
        Start 282: CMakeLib.testArgumentParser
282/618 Test #282: CMakeLib.testArgumentParser .................................   Passed    0.01 sec
        Start 283: CMakeLib.testCTestBinPacker
283/618 Test #283: CMakeLib.testCTestBinPacker .................................   Passed    0.01 sec
        Start 284: CMakeLib.testCTestResourceAllocator
284/618 Test #284: CMakeLib.testCTestResourceAllocator .........................   Passed    0.01 sec
        Start 285: CMakeLib.testCTestResourceSpec
285/618 Test #285: CMakeLib.testCTestResourceSpec ..............................   Passed    0.01 sec
        Start 286: CMakeLib.testCTestResourceGroups
286/618 Test #286: CMakeLib.testCTestResourceGroups ............................   Passed    0.01 sec
        Start 287: CMakeLib.testGccDepfileReader
287/618 Test #287: CMakeLib.testGccDepfileReader ...............................   Passed    0.01 sec
        Start 288: CMakeLib.testGeneratedFileStream
288/618 Test #288: CMakeLib.testGeneratedFileStream ............................   Passed    0.01 sec
        Start 289: CMakeLib.testJSONHelpers
289/618 Test #289: CMakeLib.testJSONHelpers ....................................   Passed    0.01 sec
        Start 290: CMakeLib.testRST
290/618 Test #290: CMakeLib.testRST ............................................   Passed    0.01 sec
        Start 291: CMakeLib.testRange
291/618 Test #291: CMakeLib.testRange ..........................................   Passed    0.01 sec
        Start 292: CMakeLib.testOptional
292/618 Test #292: CMakeLib.testOptional .......................................   Passed    0.01 sec
        Start 293: CMakeLib.testString
293/618 Test #293: CMakeLib.testString .........................................   Passed    0.01 sec
        Start 294: CMakeLib.testStringAlgorithms
294/618 Test #294: CMakeLib.testStringAlgorithms ...............................   Passed    0.01 sec
        Start 295: CMakeLib.testSystemTools
295/618 Test #295: CMakeLib.testSystemTools ....................................   Passed    0.01 sec
        Start 296: CMakeLib.testUTF8
296/618 Test #296: CMakeLib.testUTF8 ...........................................   Passed    0.01 sec
        Start 297: CMakeLib.testXMLParser
297/618 Test #297: CMakeLib.testXMLParser ......................................   Passed    0.01 sec
        Start 298: CMakeLib.testXMLSafe
298/618 Test #298: CMakeLib.testXMLSafe ........................................   Passed    0.01 sec
        Start 299: CMakeLib.testFindPackageCommand
299/618 Test #299: CMakeLib.testFindPackageCommand .............................   Passed    0.01 sec
        Start 300: CMakeLib.testUVProcessChain
300/618 Test #300: CMakeLib.testUVProcessChain .................................   Passed   27.51 sec
        Start 301: CMakeLib.testUVRAII
301/618 Test #301: CMakeLib.testUVRAII .........................................   Passed    2.01 sec
        Start 302: CMakeLib.testUVStreambuf
302/618 Test #302: CMakeLib.testUVStreambuf ....................................   Passed    0.05 sec
        Start 303: CMakeLib.testCMExtMemory
303/618 Test #303: CMakeLib.testCMExtMemory ....................................   Passed    0.01 sec
        Start 304: CMakeLib.testCMExtAlgorithm
304/618 Test #304: CMakeLib.testCMExtAlgorithm .................................   Passed    0.00 sec
        Start 305: CMakeOnly.LinkInterfaceLoop
305/618 Test #305: CMakeOnly.LinkInterfaceLoop .................................   Passed    0.21 sec
        Start 306: CMakeOnly.CheckSymbolExists
306/618 Test #306: CMakeOnly.CheckSymbolExists .................................   Passed    0.90 sec
        Start 307: CMakeOnly.CheckCXXSymbolExists
307/618 Test #307: CMakeOnly.CheckCXXSymbolExists ..............................   Passed    1.29 sec
        Start 308: CMakeOnly.CheckCXXCompilerFlag
308/618 Test #308: CMakeOnly.CheckCXXCompilerFlag ..............................   Passed    0.76 sec
        Start 309: CMakeOnly.CheckLanguage
309/618 Test #309: CMakeOnly.CheckLanguage .....................................   Passed    0.99 sec
        Start 310: CMakeOnly.CheckStructHasMember
310/618 Test #310: CMakeOnly.CheckStructHasMember ..............................   Passed    3.21 sec
        Start 311: CMakeOnly.CompilerIdC
311/618 Test #311: CMakeOnly.CompilerIdC .......................................   Passed    0.21 sec
        Start 312: CMakeOnly.CompilerIdCXX
312/618 Test #312: CMakeOnly.CompilerIdCXX .....................................   Passed    0.24 sec
        Start 313: CMakeOnly.CompilerIdFortran
313/618 Test #313: CMakeOnly.CompilerIdFortran .................................   Passed    0.41 sec
        Start 314: CMakeOnly.AllFindModules
314/618 Test #314: CMakeOnly.AllFindModules ....................................   Passed    6.15 sec
        Start 315: CMakeOnly.SelectLibraryConfigurations
315/618 Test #315: CMakeOnly.SelectLibraryConfigurations .......................   Passed    0.03 sec
        Start 316: CMakeOnly.TargetScope
316/618 Test #316: CMakeOnly.TargetScope .......................................   Passed    0.03 sec
        Start 317: CMakeOnly.find_library
317/618 Test #317: CMakeOnly.find_library ......................................   Passed    0.03 sec
        Start 318: CMakeOnly.find_path
318/618 Test #318: CMakeOnly.find_path .........................................   Passed    0.02 sec
        Start 319: CMakeOnly.ProjectInclude
319/618 Test #319: CMakeOnly.ProjectInclude ....................................   Passed    0.02 sec
        Start 320: CMakeOnly.ProjectIncludeAny
320/618 Test #320: CMakeOnly.ProjectIncludeAny .................................   Passed    0.03 sec
        Start 321: CMakeOnly.ProjectIncludeBefore
321/618 Test #321: CMakeOnly.ProjectIncludeBefore ..............................   Passed    0.02 sec
        Start 322: CMakeOnly.ProjectIncludeBeforeAny
322/618 Test #322: CMakeOnly.ProjectIncludeBeforeAny ...........................   Passed    0.02 sec
        Start 323: CMakeOnly.MajorVersionSelection-PythonLibs_2
323/618 Test #323: CMakeOnly.MajorVersionSelection-PythonLibs_2 ................   Passed    0.51 sec
        Start 324: CMakeOnly.MajorVersionSelection-PythonLibs_3
324/618 Test #324: CMakeOnly.MajorVersionSelection-PythonLibs_3 ................   Passed    0.53 sec
        Start 325: CMakeOnly.MajorVersionSelection-PythonInterp_3
325/618 Test #325: CMakeOnly.MajorVersionSelection-PythonInterp_3 ..............   Passed    0.06 sec
        Start 326: CMakeOnly.MajorVersionSelection-Qt_3
326/618 Test #326: CMakeOnly.MajorVersionSelection-Qt_3 ........................   Passed    0.49 sec
        Start 327: CMakeOnly.MajorVersionSelection-Qt_4
327/618 Test #327: CMakeOnly.MajorVersionSelection-Qt_4 ........................   Passed    0.51 sec
        Start 328: RunCMake.CMP0019
328/618 Test #328: RunCMake.CMP0019 ............................................   Passed    0.08 sec
        Start 329: RunCMake.CMP0022
329/618 Test #329: RunCMake.CMP0022 ............................................   Passed    5.22 sec
        Start 330: RunCMake.CMP0026
330/618 Test #330: RunCMake.CMP0026 ............................................   Passed    3.68 sec
        Start 331: RunCMake.CMP0027
331/618 Test #331: RunCMake.CMP0027 ............................................   Passed    0.85 sec
        Start 332: RunCMake.CMP0028
332/618 Test #332: RunCMake.CMP0028 ............................................   Passed    1.67 sec
        Start 333: RunCMake.CMP0037
333/618 Test #333: RunCMake.CMP0037 ............................................   Passed    2.36 sec
        Start 334: RunCMake.CMP0038
334/618 Test #334: RunCMake.CMP0038 ............................................   Passed    0.81 sec
        Start 335: RunCMake.CMP0039
335/618 Test #335: RunCMake.CMP0039 ............................................   Passed    0.77 sec
        Start 336: RunCMake.CMP0040
336/618 Test #336: RunCMake.CMP0040 ............................................   Passed    1.42 sec
        Start 337: RunCMake.CMP0041
337/618 Test #337: RunCMake.CMP0041 ............................................   Passed    1.67 sec
        Start 338: RunCMake.CMP0043
338/618 Test #338: RunCMake.CMP0043 ............................................   Passed    0.85 sec
        Start 339: RunCMake.CMP0045
339/618 Test #339: RunCMake.CMP0045 ............................................   Passed    0.77 sec
        Start 340: RunCMake.CMP0046
340/618 Test #340: RunCMake.CMP0046 ............................................   Passed    1.69 sec
        Start 341: RunCMake.CMP0049
341/618 Test #341: RunCMake.CMP0049 ............................................   Passed    0.83 sec
        Start 342: RunCMake.CMP0050
342/618 Test #342: RunCMake.CMP0050 ............................................   Passed    0.83 sec
        Start 343: RunCMake.CMP0051
343/618 Test #343: RunCMake.CMP0051 ............................................   Passed    0.83 sec
        Start 344: RunCMake.CMP0053
344/618 Test #344: RunCMake.CMP0053 ............................................   Passed    0.76 sec
        Start 345: RunCMake.CMP0054
345/618 Test #345: RunCMake.CMP0054 ............................................   Passed    0.21 sec
        Start 346: RunCMake.CMP0055
346/618 Test #346: RunCMake.CMP0055 ............................................   Passed    0.12 sec
        Start 347: RunCMake.CMP0057
347/618 Test #347: RunCMake.CMP0057 ............................................   Passed    0.05 sec
        Start 348: RunCMake.CMP0059
348/618 Test #348: RunCMake.CMP0059 ............................................   Passed    0.05 sec
        Start 349: RunCMake.CMP0060
349/618 Test #349: RunCMake.CMP0060 ............................................   Passed    1.87 sec
        Start 350: RunCMake.CMP0064
350/618 Test #350: RunCMake.CMP0064 ............................................   Passed    0.08 sec
        Start 351: RunCMake.CMP0069
351/618 Test #351: RunCMake.CMP0069 ............................................   Passed    1.05 sec
        Start 352: RunCMake.CMP0081
352/618 Test #352: RunCMake.CMP0081 ............................................   Passed    0.81 sec
        Start 353: RunCMake.CMP0102
353/618 Test #353: RunCMake.CMP0102 ............................................   Passed    0.09 sec
        Start 354: RunCMake.CMP0106
354/618 Test #354: RunCMake.CMP0106 ............................................   Passed    0.10 sec
        Start 355: RunCMake.CMP0111
355/618 Test #355: RunCMake.CMP0111 ............................................   Passed    0.74 sec
        Start 356: RunCMake.CMP0115
356/618 Test #356: RunCMake.CMP0115 ............................................   Passed    0.70 sec
        Start 357: RunCMake.CMP0118
357/618 Test #357: RunCMake.CMP0118 ............................................   Passed    1.81 sec
        Start 358: RunCMake.CMP0119
358/618 Test #358: RunCMake.CMP0119 ............................................   Passed    1.41 sec
        Start 359: RunCMake.CMP0121
359/618 Test #359: RunCMake.CMP0121 ............................................   Passed    0.41 sec
        Start 360: RunCMake.CMP0125
360/618 Test #360: RunCMake.CMP0125 ............................................   Passed    0.60 sec
        Start 361: RunCMake.CMP0126
361/618 Test #361: RunCMake.CMP0126 ............................................   Passed    0.13 sec
        Start 362: RunCMake.CMP0065
362/618 Test #362: RunCMake.CMP0065 ............................................   Passed    1.95 sec
        Start 363: RunCMake.Make
363/618 Test #363: RunCMake.Make ...............................................   Passed    1.60 sec
        Start 364: RunCMake.CTest
364/618 Test #364: RunCMake.CTest ..............................................   Passed    0.44 sec
        Start 365: RunCMake.ctest_memcheck
365/618 Test #365: RunCMake.ctest_memcheck .....................................   Passed    3.95 sec
        Start 366: RunCMake.ABI
366/618 Test #366: RunCMake.ABI ................................................   Passed    1.68 sec
        Start 367: RunCMake.AndroidTestUtilities
367/618 Test #367: RunCMake.AndroidTestUtilities ...............................   Passed    0.42 sec
        Start 368: RunCMake.Autogen
368/618 Test #368: RunCMake.Autogen ............................................   Passed    0.24 sec
        Start 369: RunCMake.ArtifactOutputDirs
369/618 Test #369: RunCMake.ArtifactOutputDirs .................................   Passed    0.58 sec
        Start 370: RunCMake.BuildDepends
370/618 Test #370: RunCMake.BuildDepends .......................................   Passed   25.83 sec
        Start 371: RunCMake.Byproducts
371/618 Test #371: RunCMake.Byproducts .........................................   Passed   12.54 sec
        Start 372: RunCMake.CMakeDependentOption
372/618 Test #372: RunCMake.CMakeDependentOption ...............................   Passed    0.02 sec
        Start 373: RunCMake.CMakeRoleGlobalProperty
373/618 Test #373: RunCMake.CMakeRoleGlobalProperty ............................   Passed    0.49 sec
        Start 374: RunCMake.CMakeRelease
374/618 Test #374: RunCMake.CMakeRelease .......................................   Passed    0.01 sec
        Start 375: RunCMake.CompilerChange
375/618 Test #375: RunCMake.CompilerChange .....................................   Passed    0.96 sec
        Start 376: RunCMake.CompilerNotFound
376/618 Test #376: RunCMake.CompilerNotFound ...................................   Passed    0.86 sec
        Start 377: RunCMake.Configure
377/618 Test #377: RunCMake.Configure ..........................................   Passed    3.08 sec
        Start 378: RunCMake.DisallowedCommands
378/618 Test #378: RunCMake.DisallowedCommands .................................   Passed    0.56 sec
        Start 379: RunCMake.ExportCompileCommands
379/618 Test #379: RunCMake.ExportCompileCommands ..............................   Passed    1.00 sec
        Start 380: RunCMake.ExcludeFromAll
380/618 Test #380: RunCMake.ExcludeFromAll .....................................   Passed    1.37 sec
        Start 381: RunCMake.ExternalData
381/618 Test #381: RunCMake.ExternalData .......................................   Passed    1.11 sec
        Start 382: RunCMake.FeatureSummary
382/618 Test #382: RunCMake.FeatureSummary .....................................   Passed    0.59 sec
        Start 383: RunCMake.FPHSA
383/618 Test #383: RunCMake.FPHSA ..............................................   Passed    0.82 sec
        Start 384: RunCMake.FileAPI
384/618 Test #384: RunCMake.FileAPI ............................................   Passed    3.59 sec
        Start 385: RunCMake.FindBoost
385/618 Test #385: RunCMake.FindBoost ..........................................   Passed    0.48 sec
        Start 386: RunCMake.FindLua
386/618 Test #386: RunCMake.FindLua ............................................   Passed    0.32 sec
        Start 387: RunCMake.FindOpenGL
387/618 Test #387: RunCMake.FindOpenGL .........................................   Passed    0.10 sec
        Start 388: RunCMake.InitialFlags
388/618 Test #388: RunCMake.InitialFlags .......................................   Passed    0.47 sec
        Start 389: RunCMake.GenerateExportHeader
389/618 Test #389: RunCMake.GenerateExportHeader ...............................   Passed   11.86 sec
        Start 390: RunCMake.GenEx-COMPILE_LANGUAGE
390/618 Test #390: RunCMake.GenEx-COMPILE_LANGUAGE .............................   Passed    0.69 sec
        Start 391: RunCMake.GenEx-COMPILE_LANG_AND_ID
391/618 Test #391: RunCMake.GenEx-COMPILE_LANG_AND_ID ..........................   Passed    0.70 sec
        Start 392: RunCMake.GenEx-LINK_LANGUAGE
392/618 Test #392: RunCMake.GenEx-LINK_LANGUAGE ................................   Passed    1.94 sec
        Start 393: RunCMake.GenEx-LINK_LANG_AND_ID
393/618 Test #393: RunCMake.GenEx-LINK_LANG_AND_ID .............................   Passed    1.68 sec
        Start 394: RunCMake.GenEx-HOST_LINK
394/618 Test #394: RunCMake.GenEx-HOST_LINK ....................................   Passed    1.99 sec
        Start 395: RunCMake.GenEx-DEVICE_LINK
395/618 Test #395: RunCMake.GenEx-DEVICE_LINK ..................................   Passed    2.06 sec
        Start 396: RunCMake.GenEx-TARGET_FILE
396/618 Test #396: RunCMake.GenEx-TARGET_FILE ..................................   Passed    3.85 sec
        Start 397: RunCMake.GenEx-GENEX_EVAL
397/618 Test #397: RunCMake.GenEx-GENEX_EVAL ...................................   Passed    1.49 sec
        Start 398: RunCMake.GenEx-TARGET_RUNTIME_DLLS
398/618 Test #398: RunCMake.GenEx-TARGET_RUNTIME_DLLS ..........................   Passed    1.15 sec
        Start 399: RunCMake.GeneratorExpression
399/618 Test #399: RunCMake.GeneratorExpression ................................   Passed    2.61 sec
        Start 400: RunCMake.GeneratorInstance
400/618 Test #400: RunCMake.GeneratorInstance ..................................   Passed    0.07 sec
        Start 401: RunCMake.GeneratorPlatform
401/618 Test #401: RunCMake.GeneratorPlatform ..................................   Passed    0.06 sec
        Start 402: RunCMake.GeneratorToolset
402/618 Test #402: RunCMake.GeneratorToolset ...................................   Passed    0.04 sec
        Start 403: RunCMake.GetPrerequisites
403/618 Test #403: RunCMake.GetPrerequisites ...................................   Passed    0.03 sec
        Start 404: RunCMake.GNUInstallDirs
404/618 Test #404: RunCMake.GNUInstallDirs .....................................   Passed    0.13 sec
        Start 405: RunCMake.GoogleTest
405/618 Test #405: RunCMake.GoogleTest .........................................   Passed   18.97 sec
        Start 406: RunCMake.Graphviz
406/618 Test #406: RunCMake.Graphviz ...........................................   Passed    8.76 sec
        Start 407: RunCMake.TargetPropertyGeneratorExpressions
407/618 Test #407: RunCMake.TargetPropertyGeneratorExpressions .................   Passed    2.42 sec
        Start 408: RunCMake.Languages
408/618 Test #408: RunCMake.Languages ..........................................   Passed    0.59 sec
        Start 409: RunCMake.LinkStatic
409/618 Test #409: RunCMake.LinkStatic .........................................   Passed    0.86 sec
        Start 410: RunCMake.ObjectLibrary
410/618 Test #410: RunCMake.ObjectLibrary ......................................   Passed   11.41 sec
        Start 411: RunCMake.ParseImplicitIncludeInfo
411/618 Test #411: RunCMake.ParseImplicitIncludeInfo ...........................   Passed    0.28 sec
        Start 412: RunCMake.ParseImplicitLinkInfo
412/618 Test #412: RunCMake.ParseImplicitLinkInfo ..............................   Passed    0.49 sec
        Start 413: RunCMake.RuntimePath
413/618 Test #413: RunCMake.RuntimePath ........................................   Passed    2.70 sec
        Start 414: RunCMake.ScriptMode
414/618 Test #414: RunCMake.ScriptMode .........................................   Passed    0.01 sec
        Start 415: RunCMake.Swift
415/618 Test #415: RunCMake.Swift ..............................................   Passed    0.04 sec
        Start 416: RunCMake.TargetObjects
416/618 Test #416: RunCMake.TargetObjects ......................................   Passed    0.03 sec
        Start 417: RunCMake.TargetSources
417/618 Test #417: RunCMake.TargetSources ......................................   Passed    4.88 sec
        Start 418: RunCMake.TargetProperties
418/618 Test #418: RunCMake.TargetProperties ...................................   Passed    0.45 sec
        Start 419: RunCMake.ToolchainFile
419/618 Test #419: RunCMake.ToolchainFile ......................................   Passed    2.34 sec
        Start 420: RunCMake.find_dependency
420/618 Test #420: RunCMake.find_dependency ....................................   Passed    0.12 sec
        Start 421: RunCMake.CompileDefinitions
421/618 Test #421: RunCMake.CompileDefinitions .................................   Passed    0.02 sec
        Start 422: RunCMake.CompileFeatures
422/618 Test #422: RunCMake.CompileFeatures ....................................   Passed    3.61 sec
        Start 423: RunCMake.Policy
423/618 Test #423: RunCMake.Policy .............................................   Passed    0.20 sec
        Start 424: RunCMake.PolicyScope
424/618 Test #424: RunCMake.PolicyScope ........................................   Passed    0.58 sec
        Start 425: RunCMake.WriteBasicConfigVersionFile
425/618 Test #425: RunCMake.WriteBasicConfigVersionFile ........................   Passed    5.07 sec
        Start 426: RunCMake.WriteCompilerDetectionHeader
426/618 Test #426: RunCMake.WriteCompilerDetectionHeader .......................   Passed    5.96 sec
        Start 427: RunCMake.SourceProperties
427/618 Test #427: RunCMake.SourceProperties ...................................   Passed    0.22 sec
        Start 428: RunCMake.PositionIndependentCode
428/618 Test #428: RunCMake.PositionIndependentCode ............................   Passed    5.04 sec
        Start 429: RunCMake.VisibilityPreset
429/618 Test #429: RunCMake.VisibilityPreset ...................................   Passed    1.89 sec
        Start 430: RunCMake.CompatibleInterface
430/618 Test #430: RunCMake.CompatibleInterface ................................   Passed    3.43 sec
        Start 431: RunCMake.Syntax
431/618 Test #431: RunCMake.Syntax .............................................   Passed    4.49 sec
        Start 432: RunCMake.WorkingDirectory
432/618 Test #432: RunCMake.WorkingDirectory ...................................   Passed    0.16 sec
        Start 433: RunCMake.MaxRecursionDepth
433/618 Test #433: RunCMake.MaxRecursionDepth ..................................   Passed    4.15 sec
        Start 434: RunCMake.add_custom_command
434/618 Test #434: RunCMake.add_custom_command .................................   Passed    1.28 sec
        Start 435: RunCMake.add_custom_target
435/618 Test #435: RunCMake.add_custom_target ..................................   Passed    0.33 sec
        Start 436: RunCMake.add_dependencies
436/618 Test #436: RunCMake.add_dependencies ...................................   Passed    0.51 sec
        Start 437: RunCMake.add_executable
437/618 Test #437: RunCMake.add_executable .....................................   Passed    0.53 sec
        Start 438: RunCMake.add_library
438/618 Test #438: RunCMake.add_library ........................................   Passed    3.64 sec
        Start 439: RunCMake.add_subdirectory
439/618 Test #439: RunCMake.add_subdirectory ...................................   Passed    1.50 sec
        Start 440: RunCMake.add_test
440/618 Test #440: RunCMake.add_test ...........................................   Passed    2.25 sec
        Start 441: RunCMake.build_command
441/618 Test #441: RunCMake.build_command ......................................   Passed    0.13 sec
        Start 442: RunCMake.execute_process
442/618 Test #442: RunCMake.execute_process ....................................   Passed    5.54 sec
        Start 443: RunCMake.export
443/618 Test #443: RunCMake.export .............................................   Passed    2.63 sec
        Start 444: RunCMake.cmake_language
444/618 Test #444: RunCMake.cmake_language .....................................   Passed    2.38 sec
        Start 445: RunCMake.cmake_minimum_required
445/618 Test #445: RunCMake.cmake_minimum_required .............................   Passed    0.16 sec
        Start 446: RunCMake.cmake_parse_arguments
446/618 Test #446: RunCMake.cmake_parse_arguments ..............................   Passed    0.21 sec
        Start 447: RunCMake.cmake_path
447/618 Test #447: RunCMake.cmake_path .........................................   Passed    1.63 sec
        Start 448: RunCMake.continue
448/618 Test #448: RunCMake.continue ...........................................   Passed    0.15 sec
        Start 449: RunCMake.ctest_build
449/618 Test #449: RunCMake.ctest_build ........................................   Passed    0.89 sec
        Start 450: RunCMake.ctest_cmake_error
450/618 Test #450: RunCMake.ctest_cmake_error ..................................   Passed    0.04 sec
        Start 451: RunCMake.ctest_configure
451/618 Test #451: RunCMake.ctest_configure ....................................   Passed    0.07 sec
        Start 452: RunCMake.ctest_coverage
452/618 Test #452: RunCMake.ctest_coverage .....................................   Passed    0.11 sec
        Start 453: RunCMake.ctest_start
453/618 Test #453: RunCMake.ctest_start ........................................   Passed    0.68 sec
        Start 454: RunCMake.ctest_submit
454/618 Test #454: RunCMake.ctest_submit .......................................   Passed    3.68 sec
        Start 455: RunCMake.ctest_test
455/618 Test #455: RunCMake.ctest_test .........................................   Passed   13.17 sec
        Start 456: RunCMake.ctest_disabled_test
456/618 Test #456: RunCMake.ctest_disabled_test ................................   Passed    0.72 sec
        Start 457: RunCMake.ctest_skipped_test
457/618 Test #457: RunCMake.ctest_skipped_test .................................   Passed    1.40 sec
        Start 458: RunCMake.ctest_update
458/618 Test #458: RunCMake.ctest_update .......................................   Passed    0.08 sec
        Start 459: RunCMake.ctest_upload
459/618 Test #459: RunCMake.ctest_upload .......................................   Passed    0.03 sec
        Start 460: RunCMake.ctest_fixtures
460/618 Test #460: RunCMake.ctest_fixtures .....................................   Passed    2.32 sec
        Start 461: RunCMake.file
461/618 Test #461: RunCMake.file ...............................................   Passed    6.48 sec
        Start 462: RunCMake.file-CHMOD
462/618 Test #462: RunCMake.file-CHMOD .........................................   Passed    0.15 sec
        Start 463: RunCMake.file-RPATH
463/618 Test #463: RunCMake.file-RPATH .........................................   Passed    0.03 sec
        Start 464: RunCMake.find_file
464/618 Test #464: RunCMake.find_file ..........................................   Passed    0.09 sec
        Start 465: RunCMake.find_library
465/618 Test #465: RunCMake.find_library .......................................   Passed    0.15 sec
        Start 466: RunCMake.find_package
466/618 Test #466: RunCMake.find_package .......................................   Passed    1.19 sec
        Start 467: RunCMake.find_path
467/618 Test #467: RunCMake.find_path ..........................................   Passed    0.09 sec
        Start 468: RunCMake.find_program
468/618 Test #468: RunCMake.find_program .......................................   Passed    0.21 sec
        Start 469: RunCMake.foreach
469/618 Test #469: RunCMake.foreach ............................................   Passed    0.48 sec
        Start 470: RunCMake.function
470/618 Test #470: RunCMake.function ...........................................   Passed    0.04 sec
        Start 471: RunCMake.get_filename_component
471/618 Test #471: RunCMake.get_filename_component .............................   Passed    0.06 sec
        Start 472: RunCMake.get_property
472/618 Test #472: RunCMake.get_property .......................................   Passed    0.89 sec
        Start 473: RunCMake.if
473/618 Test #473: RunCMake.if .................................................   Passed    0.22 sec
        Start 474: RunCMake.include
474/618 Test #474: RunCMake.include ............................................   Passed    0.67 sec
        Start 475: RunCMake.include_directories
475/618 Test #475: RunCMake.include_directories ................................   Passed    1.54 sec
        Start 476: RunCMake.include_guard
476/618 Test #476: RunCMake.include_guard ......................................   Passed    0.13 sec
        Start 477: RunCMake.list
477/618 Test #477: RunCMake.list ...............................................   Passed    2.23 sec
        Start 478: RunCMake.load_cache
478/618 Test #478: RunCMake.load_cache .........................................   Passed    0.05 sec
        Start 479: RunCMake.math
479/618 Test #479: RunCMake.math ...............................................   Passed    0.11 sec
        Start 480: RunCMake.message
480/618 Test #480: RunCMake.message ............................................   Passed    0.36 sec
        Start 481: RunCMake.option
481/618 Test #481: RunCMake.option .............................................   Passed    1.03 sec
        Start 482: RunCMake.project
482/618 Test #482: RunCMake.project ............................................   Passed    1.61 sec
        Start 483: RunCMake.project_injected
483/618 Test #483: RunCMake.project_injected ...................................   Passed    0.49 sec
        Start 484: RunCMake.return
484/618 Test #484: RunCMake.return .............................................   Passed    0.03 sec
        Start 485: RunCMake.separate_arguments
485/618 Test #485: RunCMake.separate_arguments .................................   Passed    0.29 sec
        Start 486: RunCMake.set_property
486/618 Test #486: RunCMake.set_property .......................................   Passed    0.50 sec
        Start 487: RunCMake.string
487/618 Test #487: RunCMake.string .............................................   Passed    1.16 sec
        Start 488: RunCMake.test_include_dirs
488/618 Test #488: RunCMake.test_include_dirs ..................................   Passed    0.84 sec
        Start 489: RunCMake.BundleUtilities
489/618 Test #489: RunCMake.BundleUtilities ....................................   Passed    0.13 sec
        Start 490: RunCMake.try_compile
490/618 Test #490: RunCMake.try_compile ........................................   Passed    7.09 sec
        Start 491: RunCMake.try_run
491/618 Test #491: RunCMake.try_run ............................................   Passed    1.00 sec
        Start 492: RunCMake.set
492/618 Test #492: RunCMake.set ................................................   Passed    0.12 sec
        Start 493: RunCMake.variable_watch
493/618 Test #493: RunCMake.variable_watch .....................................   Passed    0.09 sec
        Start 494: RunCMake.while
494/618 Test #494: RunCMake.while ..............................................   Passed    0.08 sec
        Start 495: RunCMake.CMP0004
495/618 Test #495: RunCMake.CMP0004 ............................................   Passed    0.06 sec
        Start 496: RunCMake.TargetPolicies
496/618 Test #496: RunCMake.TargetPolicies .....................................   Passed    0.23 sec
        Start 497: RunCMake.alias_targets
497/618 Test #497: RunCMake.alias_targets ......................................   Passed    3.90 sec
        Start 498: RunCMake.InterfaceLibrary
498/618 Test #498: RunCMake.InterfaceLibrary ...................................   Passed    1.11 sec
        Start 499: RunCMake.no_install_prefix
499/618 Test #499: RunCMake.no_install_prefix ..................................   Passed    0.04 sec
        Start 500: RunCMake.configure_file
500/618 Test #500: RunCMake.configure_file .....................................   Passed    6.72 sec
        Start 501: RunCMake.CTestTimeout
501/618 Test #501: RunCMake.CTestTimeout .......................................   Passed    9.08 sec
        Start 502: RunCMake.CTestTimeoutAfterMatch
502/618 Test #502: RunCMake.CTestTimeoutAfterMatch .............................   Passed   12.72 sec
        Start 503: RunCMake.DependencyGraph
503/618 Test #503: RunCMake.DependencyGraph ....................................   Passed   11.62 sec
        Start 504: RunCMake.CTestResourceAllocation
504/618 Test #504: RunCMake.CTestResourceAllocation ............................   Passed   93.31 sec
        Start 505: RunCMake.SymlinkTrees
505/618 Test #505: RunCMake.SymlinkTrees .......................................   Passed    0.03 sec
        Start 506: RunCMake.FindPkgConfig
506/618 Test #506: RunCMake.FindPkgConfig ......................................   Passed    3.01 sec
        Start 507: RunCMake.File_Archive
507/618 Test #507: RunCMake.File_Archive .......................................   Passed    0.73 sec
        Start 508: RunCMake.File_Configure
508/618 Test #508: RunCMake.File_Configure .....................................   Passed    0.25 sec
        Start 509: RunCMake.File_Generate
509/618 Test #509: RunCMake.File_Generate ......................................   Passed    5.78 sec
        Start 510: RunCMake.ExportWithoutLanguage
510/618 Test #510: RunCMake.ExportWithoutLanguage ..............................   Passed    0.04 sec
        Start 511: RunCMake.target_link_directories
511/618 Test #511: RunCMake.target_link_directories ............................   Passed    2.99 sec
        Start 512: RunCMake.target_link_libraries
512/618 Test #512: RunCMake.target_link_libraries ..............................   Passed    6.07 sec
        Start 513: RunCMake.target_link_libraries-ALIAS
513/618 Test #513: RunCMake.target_link_libraries-ALIAS ........................   Passed    1.41 sec
        Start 514: RunCMake.target_link_libraries-LINK_LANGUAGE
514/618 Test #514: RunCMake.target_link_libraries-LINK_LANGUAGE ................   Passed    4.32 sec
        Start 515: RunCMake.target_link_libraries-LINK_LANG_AND_ID
515/618 Test #515: RunCMake.target_link_libraries-LINK_LANG_AND_ID .............   Passed    3.44 sec
        Start 516: RunCMake.add_link_options
516/618 Test #516: RunCMake.add_link_options ...................................   Passed    3.89 sec
        Start 517: RunCMake.target_link_options
517/618 Test #517: RunCMake.target_link_options ................................   Passed    5.85 sec
        Start 518: RunCMake.target_compile_definitions
518/618 Test #518: RunCMake.target_compile_definitions .........................   Passed    0.06 sec
        Start 519: RunCMake.target_compile_features
519/618 Test #519: RunCMake.target_compile_features ............................   Passed    2.91 sec
        Start 520: RunCMake.target_compile_options
520/618 Test #520: RunCMake.target_compile_options .............................   Passed    0.95 sec
        Start 521: RunCMake.target_include_directories
521/618 Test #521: RunCMake.target_include_directories .........................   Passed    0.74 sec
        Start 522: RunCMake.target_sources
522/618 Test #522: RunCMake.target_sources .....................................   Passed    0.04 sec
        Start 523: RunCMake.CheckCompilerFlag
523/618 Test #523: RunCMake.CheckCompilerFlag ..................................   Passed    1.51 sec
        Start 524: RunCMake.CheckSourceCompiles
524/618 Test #524: RunCMake.CheckSourceCompiles ................................   Passed    1.89 sec
        Start 525: RunCMake.CheckSourceRuns
525/618 Test #525: RunCMake.CheckSourceRuns ....................................   Passed    2.02 sec
        Start 526: RunCMake.CheckModules
526/618 Test #526: RunCMake.CheckModules .......................................   Passed    6.90 sec
        Start 527: RunCMake.CheckIPOSupported
527/618 Test #527: RunCMake.CheckIPOSupported ..................................   Passed    1.64 sec
        Start 528: RunCMake.CheckLinkerFlag
528/618 Test #528: RunCMake.CheckLinkerFlag ....................................   Passed    1.43 sec
        Start 529: RunCMake.CommandLine
529/618 Test #529: RunCMake.CommandLine ........................................   Passed    6.06 sec
        Start 530: RunCMake.CommandLineTar
530/618 Test #530: RunCMake.CommandLineTar .....................................   Passed    0.62 sec
        Start 531: RunCMake.install
531/618 Test #531: RunCMake.install ............................................   Passed   13.08 sec
        Start 532: RunCMake.file-GET_RUNTIME_DEPENDENCIES
532/618 Test #532: RunCMake.file-GET_RUNTIME_DEPENDENCIES ......................   Passed    8.74 sec
        Start 533: RunCMake.CPackCommandLine
533/618 Test #533: RunCMake.CPackCommandLine ...................................   Passed    0.04 sec
        Start 534: RunCMake.CPackConfig
534/618 Test #534: RunCMake.CPackConfig ........................................   Passed    3.46 sec
        Start 535: RunCMake.CPackInstallProperties
535/618 Test #535: RunCMake.CPackInstallProperties .............................   Passed    2.03 sec
        Start 536: RunCMake.ExternalProject
536/618 Test #536: RunCMake.ExternalProject ....................................   Passed   20.76 sec
        Start 537: RunCMake.FetchContent
537/618 Test #537: RunCMake.FetchContent .......................................   Passed    7.19 sec
        Start 538: RunCMake.CTestCommandLine
538/618 Test #538: RunCMake.CTestCommandLine ...................................   Passed    6.67 sec
        Start 539: RunCMake.CacheNewline
539/618 Test #539: RunCMake.CacheNewline .......................................   Passed    0.04 sec
        Start 540: RunCMake.CPackSymlinks
540/618 Test #540: RunCMake.CPackSymlinks ......................................   Passed    0.07 sec
        Start 541: RunCMake.IfacePaths_INCDIRS
541/618 Test #541: RunCMake.IfacePaths_INCDIRS .................................   Passed    5.10 sec
        Start 542: RunCMake.IfacePaths_SOURCES
542/618 Test #542: RunCMake.IfacePaths_SOURCES .................................   Passed    3.97 sec
        Start 543: RunCMake.CrosscompilingEmulator
543/618 Test #543: RunCMake.CrosscompilingEmulator .............................   Passed    3.52 sec
        Start 544: RunCMake.LinkWhatYouUse
544/618 Test #544: RunCMake.LinkWhatYouUse .....................................   Passed    2.36 sec
        Start 545: RunCMake.ClangTidy
545/618 Test #545: RunCMake.ClangTidy ..........................................   Passed    2.05 sec
        Start 546: RunCMake.IncludeWhatYouUse
546/618 Test #546: RunCMake.IncludeWhatYouUse ..................................   Passed    1.77 sec
        Start 547: RunCMake.Cpplint
547/618 Test #547: RunCMake.Cpplint ............................................   Passed    3.53 sec
        Start 548: RunCMake.Cppcheck
548/618 Test #548: RunCMake.Cppcheck ...........................................   Passed    2.36 sec
        Start 549: RunCMake.MultiLint
549/618 Test #549: RunCMake.MultiLint ..........................................   Passed    1.76 sec
        Start 550: RunCMake.CompilerLauncher
550/618 Test #550: RunCMake.CompilerLauncher ...................................   Passed    6.12 sec
        Start 551: RunCMake.ctest_labels_for_subprojects
551/618 Test #551: RunCMake.ctest_labels_for_subprojects .......................   Passed    3.36 sec
        Start 552: RunCMake.CompilerArgs
552/618 Test #552: RunCMake.CompilerArgs .......................................   Passed    2.12 sec
        Start 553: RunCMake.LinkerLauncher
553/618 Test #553: RunCMake.LinkerLauncher .....................................   Passed    3.50 sec
        Start 554: RunCMake.CPack_DEB.CUSTOM_NAMES
554/618 Test #554: RunCMake.CPack_DEB.CUSTOM_NAMES .............................   Passed    0.44 sec
        Start 555: RunCMake.CPack_DEB.DEBUGINFO
555/618 Test #555: RunCMake.CPack_DEB.DEBUGINFO ................................   Passed    0.91 sec
        Start 556: RunCMake.CPack_DEB.DEFAULT_PERMISSIONS
556/618 Test #556: RunCMake.CPack_DEB.DEFAULT_PERMISSIONS ......................   Passed    3.76 sec
        Start 557: RunCMake.CPack_DEB.DEPENDENCIES
557/618 Test #557: RunCMake.CPack_DEB.DEPENDENCIES .............................   Passed    2.16 sec
        Start 558: RunCMake.CPack_DEB.EMPTY_DIR
558/618 Test #558: RunCMake.CPack_DEB.EMPTY_DIR ................................   Passed    0.83 sec
        Start 559: RunCMake.CPack_DEB.VERSION
559/618 Test #559: RunCMake.CPack_DEB.VERSION ..................................   Passed    0.66 sec
        Start 560: RunCMake.CPack_DEB.EXTRA
560/618 Test #560: RunCMake.CPack_DEB.EXTRA ....................................   Passed    0.41 sec
        Start 561: RunCMake.CPack_DEB.GENERATE_SHLIBS
561/618 Test #561: RunCMake.CPack_DEB.GENERATE_SHLIBS ..........................   Passed    1.20 sec
        Start 562: RunCMake.CPack_DEB.GENERATE_SHLIBS_LDCONFIG
562/618 Test #562: RunCMake.CPack_DEB.GENERATE_SHLIBS_LDCONFIG .................   Passed    0.59 sec
        Start 563: RunCMake.CPack_DEB.LONG_FILENAMES
563/618 Test #563: RunCMake.CPack_DEB.LONG_FILENAMES ...........................   Passed    0.45 sec
        Start 564: RunCMake.CPack_DEB.MINIMAL
564/618 Test #564: RunCMake.CPack_DEB.MINIMAL ..................................   Passed    1.61 sec
        Start 565: RunCMake.CPack_DEB.PER_COMPONENT_FIELDS
565/618 Test #565: RunCMake.CPack_DEB.PER_COMPONENT_FIELDS .....................   Passed    0.52 sec
        Start 566: RunCMake.CPack_DEB.TIMESTAMPS
566/618 Test #566: RunCMake.CPack_DEB.TIMESTAMPS ...............................   Passed    0.42 sec
        Start 567: RunCMake.CPack_DEB.MD5SUMS
567/618 Test #567: RunCMake.CPack_DEB.MD5SUMS ..................................   Passed    0.75 sec
        Start 568: RunCMake.CPack_DEB.DEB_PACKAGE_VERSION_BACK_COMPATIBILITY
568/618 Test #568: RunCMake.CPack_DEB.DEB_PACKAGE_VERSION_BACK_COMPATIBILITY ...   Passed    0.78 sec
        Start 569: RunCMake.CPack_DEB.DEB_DESCRIPTION
569/618 Test #569: RunCMake.CPack_DEB.DEB_DESCRIPTION ..........................   Passed    4.08 sec
        Start 570: RunCMake.CPack_DEB.PROJECT_META
570/618 Test #570: RunCMake.CPack_DEB.PROJECT_META .............................   Passed    1.23 sec
        Start 571: RunCMake.CPack_7Z
571/618 Test #571: RunCMake.CPack_7Z ...........................................   Passed    1.52 sec
        Start 572: RunCMake.CPack_TBZ2
572/618 Test #572: RunCMake.CPack_TBZ2 .........................................   Passed    1.56 sec
        Start 573: RunCMake.CPack_TGZ
573/618 Test #573: RunCMake.CPack_TGZ ..........................................   Passed    6.44 sec
        Start 574: RunCMake.CPack_TXZ
574/618 Test #574: RunCMake.CPack_TXZ ..........................................   Passed    3.16 sec
        Start 575: RunCMake.CPack_TZ
575/618 Test #575: RunCMake.CPack_TZ ...........................................   Passed    1.57 sec
        Start 576: RunCMake.CPack_ZIP
576/618 Test #576: RunCMake.CPack_ZIP ..........................................   Passed    3.88 sec
        Start 577: RunCMake.CPack_STGZ
577/618 Test #577: RunCMake.CPack_STGZ .........................................   Passed    1.70 sec
        Start 578: RunCMake.CPack_External
578/618 Test #578: RunCMake.CPack_External .....................................   Passed    6.52 sec
        Start 579: RunCMake.AutoExportDll
579/618 Test #579: RunCMake.AutoExportDll ......................................   Passed    1.43 sec
        Start 580: RunCMake.AndroidMK
580/618 Test #580: RunCMake.AndroidMK ..........................................   Passed    0.49 sec
        Start 581: RunCMake.CTestCommandExpandLists
581/618 Test #581: RunCMake.CTestCommandExpandLists ............................   Passed    0.35 sec
        Start 582: RunCMake.PrecompileHeaders
582/618 Test #582: RunCMake.PrecompileHeaders ..................................   Passed    7.31 sec
        Start 583: RunCMake.UnityBuild
583/618 Test #583: RunCMake.UnityBuild .........................................   Passed    7.10 sec
        Start 584: RunCMake.CMakePresets
584/618 Test #584: RunCMake.CMakePresets .......................................   Passed    2.68 sec
        Start 585: RunCMake.CMakePresetsBuild
585/618 Test #585: RunCMake.CMakePresetsBuild ..................................   Passed    0.61 sec
        Start 586: RunCMake.CMakePresetsTest
586/618 Test #586: RunCMake.CMakePresetsTest ...................................   Passed    0.37 sec
        Start 587: RunCMake.TransformDepfile
587/618 Test #587: RunCMake.TransformDepfile ...................................   Passed    0.04 sec
        Start 588: FindPackageModeMakefileTest
588/618 Test #588: FindPackageModeMakefileTest .................................   Passed    0.12 sec
        Start 589: FindThreads.C-only
589/618 Test #589: FindThreads.C-only ..........................................   Passed    0.79 sec
        Start 590: FindThreads.CXX-only
590/618 Test #590: FindThreads.CXX-only ........................................   Passed    0.89 sec
        Start 591: CMake.List
591/618 Test #591: CMake.List ..................................................   Passed    0.09 sec
        Start 592: CMake.VariableWatch
592/618 Test #592: CMake.VariableWatch .........................................   Passed    0.01 sec
        Start 593: CMake.Include
593/618 Test #593: CMake.Include ...............................................   Passed    0.01 sec
        Start 594: CMake.FindBase
594/618 Test #594: CMake.FindBase ..............................................   Passed    0.00 sec
        Start 595: CMake.Toolchain
595/618 Test #595: CMake.Toolchain .............................................   Passed    0.02 sec
        Start 596: CMake.GetFilenameComponentRealpath
596/618 Test #596: CMake.GetFilenameComponentRealpath ..........................   Passed    0.01 sec
        Start 597: CMake.Version
597/618 Test #597: CMake.Version ...............................................   Passed    0.01 sec
        Start 598: CMake.Message
598/618 Test #598: CMake.Message ...............................................   Passed    0.01 sec
        Start 599: CMake.File
599/618 Test #599: CMake.File ..................................................   Passed    0.55 sec
        Start 600: CMake.ImplicitLinkInfo
600/618 Test #600: CMake.ImplicitLinkInfo ......................................   Passed    0.12 sec
        Start 601: CMake.ModuleNotices
601/618 Test #601: CMake.ModuleNotices .........................................   Passed    0.04 sec
        Start 602: CMake.GetProperty
602/618 Test #602: CMake.GetProperty ...........................................   Passed    0.01 sec
        Start 603: CMake.If
603/618 Test #603: CMake.If ....................................................   Passed    0.01 sec
        Start 604: CMake.String
604/618 Test #604: CMake.String ................................................   Passed    0.61 sec
        Start 605: CMake.Math
605/618 Test #605: CMake.Math ..................................................   Passed    0.05 sec
        Start 606: CMake.CMakeMinimumRequired
606/618 Test #606: CMake.CMakeMinimumRequired ..................................   Passed    0.05 sec
        Start 607: CMake.CompilerIdVendor
607/618 Test #607: CMake.CompilerIdVendor ......................................   Passed    0.02 sec
        Start 608: CMake.ProcessorCount
608/618 Test #608: CMake.ProcessorCount ........................................   Passed    0.20 sec
        Start 609: CMake.PushCheckState
609/618 Test #609: CMake.PushCheckState ........................................   Passed    0.01 sec
        Start 610: CMake.While
610/618 Test #610: CMake.While .................................................   Passed    0.00 sec
        Start 611: CMake.CMakeHostSystemInformation
611/618 Test #611: CMake.CMakeHostSystemInformation ............................   Passed    0.16 sec
        Start 612: CMake.FileDownload
612/618 Test #612: CMake.FileDownload ..........................................   Passed    0.03 sec
        Start 613: CMake.FileDownloadBadHash
613/618 Test #613: CMake.FileDownloadBadHash ...................................   Passed    0.01 sec
        Start 614: CMake.FileUpload
614/618 Test #614: CMake.FileUpload ............................................   Passed    0.02 sec
        Start 615: CMake.EndStuff
615/618 Test #615: CMake.EndStuff ..............................................   Passed    0.10 sec
        Start 616: CMake.GetPrerequisites
616/618 Test #616: CMake.GetPrerequisites ......................................   Passed    0.10 sec
        Start 617: CMake.PolicyCheck
617/618 Test #617: CMake.PolicyCheck ...........................................   Passed    0.01 sec
        Start 618: CMake.CheckSourceTree
618/618 Test #618: CMake.CheckSourceTree .......................................   Passed    0.01 sec

100% tests passed, 0 tests failed out of 618

Label Time Summary:
CMake      = 625.17 sec*proc (263 tests)
CUDA       =  49.19 sec*proc (9 tests)
HIP        =  12.98 sec*proc (5 tests)
ISPC       =  29.70 sec*proc (5 tests)
Label1     =   0.03 sec*proc (1 test)
Label2     =   0.03 sec*proc (1 test)
command    =   2.26 sec*proc (28 tests)
policy     =  37.33 sec*proc (36 tests)
run        = 622.91 sec*proc (235 tests)

Total Test time (real) = 1249.50 sec
